2015/05/23 04:38:23 INFO> git_commit_in_the_past.pl:135 main::git_commit - commiting in repo_dir: /home/mishin/github/YAPC-Russia-2015: git commit --date 'Sat May 23 04:38 2015 +0300' -m 'remove debug output and merge'
2015/05/23 04:50:52 INFO> git_commit_in_the_past.pl:135 main::git_commit - commiting in repo_dir: /home/mishin/github/POD2-RU: git commit --date 'Sat May 23 04:50 2015 +0300' -m 'новый'
2015/05/23 04:53:28 INFO> git_commit_in_the_past.pl:135 main::git_commit - commiting in repo_dir: /home/mishin/github/YAPC-Russia-2015: git commit --date 'Sat May 23 04:53 2015 +0300' -m 'добавил'
2015/05/23 05:06:05 INFO> git_commit_in_the_past.pl:135 main::git_commit - commiting in repo_dir: /home/mishin/github/POD2-RU/lib/POD2/RU: git commit --date 'Sat May 23 05:06 2015 +0300' -m 'исправил'
2015/06/01 23:50:15 INFO> git_commit_in_the_past.pl:133 main::git_commit - commiting in repo_dir: /home/mishin/github/presentation: git commit --date 'Sun May 31 23:50 2015 +0300' -m 'добавил новые perl скрипты'
2015/06/01 23:51:53 INFO> git_commit_in_the_past.pl:133 main::git_commit - commiting in repo_dir: /home/mishin/github/presentation: git commit --date 'Sun May 31 23:51 2015 +0300' -m 'спасибо Сабо Габору'
2015/06/02 00:08:30 INFO> git_commit_in_the_past.pl:133 main::git_commit - commiting in repo_dir: /home/mishin/github/POD2-RU: git commit --date 'Tue Jun 02 00:08 2015 +0300' -m '"Независимое" подвыражение'
2015/06/08 21:20:04 INFO> git_commit_in_the_past.pl:133 main::git_commit - commiting in repo_dir: /home/mishin/github/POD2-RU: git commit --date 'Sun Jun 07 21:20 2015 +0300' -m '80% perlre переведено'
2015/06/08 21:32:47 INFO> git_commit_in_the_past.pl:133 main::git_commit - commiting in repo_dir: /home/mishin/github/POD2-RU: git commit --date 'Sat Jun 06 21:32 2015 +0300' -m 'сегодня Артему Мишину, моему сыну 1 год, Ура!'
2015/06/08 21:35:01 INFO> git_commit_in_the_past.pl:133 main::git_commit - commiting in repo_dir: /home/mishin/github/POD2-RU: git commit --date 'Mon Jun 08 21:35 2015 +0300' -m 'добавил описание изменений'
2015/06/08 21:37:38 INFO> git_commit_in_the_past.pl:133 main::git_commit - commiting in repo_dir: /home/mishin/github/POD2-RU: git commit --date 'Mon Jun 08 21:37 2015 +0300' -m 'исправил ошибки pod'
2015/06/08 21:57:41 INFO> git_commit_in_the_past.pl:133 main::git_commit - commiting in repo_dir: /home/mishin/github/POD2-RU: git commit --date 'Mon Jun 08 21:57 2015 +0300' -m 'Changes исправил ошибки'
2015/06/13 03:43:41 INFO> git_commit_in_the_past.pl:133 main::git_commit - commiting in repo_dir: /home/mishin/github/POD2-RU: git commit --date 'Fri Jun 12 03:43 2015 +0300' -m 'итерация внешнего C<(?:)*>'
2015/06/13 03:46:10 INFO> git_commit_in_the_past.pl:133 main::git_commit - commiting in repo_dir: /home/mishin/github/POD2-RU: git commit --date 'Sat Jun 13 03:46 2015 +0300' -m 'Высокого уровня цикл'
2015/06/13 12:56:49 INFO> git_commit_in_the_past.pl:133 main::git_commit - commiting in repo_dir: /home/mishin/github/POD2-RU: git commit --date 'Sat Jun 13 12:56 2015 +0300' -m 'C<(?(condition)yes-pattern|no-pattern)>'
2015/06/13 15:13:57 INFO> git_commit_in_the_past.pl:133 main::git_commit - commiting in repo_dir: /home/mishin/github/POD2-RU: git commit --date 'Sat Jun 13 15:13 2015 +0300' -m 'перевод perlre закончен'
2015/06/13 15:14:47 INFO> git_commit_in_the_past.pl:133 main::git_commit - commiting in repo_dir: /home/mishin/github/POD2-RU: git commit --date 'Sat Jun 13 15:14 2015 +0300' -m 'перевод perlre закончен'
2015/07/07 19:09:04 INFO> git_commit_in_the_past.pl:133 main::git_commit - commiting in repo_dir: /home/mishin/github/POD2-RU: git commit --date 'Mon Jul 06 19:09 2015 +0300' -m 'поправил perldebtut'
2015/07/07 19:10:40 INFO> git_commit_in_the_past.pl:133 main::git_commit - commiting in repo_dir: /home/mishin/github/POD2-RU: git commit --date 'Wed Jul 08 19:10 2015 +0300' -m 'поправил perldebtut'
2015/07/07 19:13:18 INFO> git_commit_in_the_past.pl:133 main::git_commit - commiting in repo_dir: /home/mishin/github/POD2-RU: git commit --date 'Thu Jul 09 19:13 2015 +0300' -m 'поправил perldebtut'
2015/07/22 23:31:13 INFO> git_commit_in_the_past.pl:133 main::git_commit - commiting in repo_dir: /home/mishin/github/presentation: git commit --date 'Tue Jul 21 23:31 2015 +0300' -m 'add presentation scripts'
2015/07/22 23:31:51 INFO> git_commit_in_the_past.pl:133 main::git_commit - commiting in repo_dir: /home/mishin/github/presentation: git commit --date 'Tue Jul 21 23:31 2015 +0300' -m 'add presentation scripts'
2015/07/22 23:32:44 INFO> git_commit_in_the_past.pl:133 main::git_commit - commiting in repo_dir: /home/mishin/github/YAPC-Russia-2015: git commit --date 'Sun Jul 19 23:32 2015 +0300' -m 'make env perl'
